Analysis & Synthesis report for vhdl-cap-8
Tue Apr 13 21:31:05 2021
Quartus II 64-Bit Version 15.0.0 Build 145 04/22/2015 SJ Web Edition


---------------------
; Table of Contents ;
---------------------
  1. Legal Notice
  2. Analysis & Synthesis Summary
  3. Analysis & Synthesis Settings
  4. Parallel Compilation
  5. Analysis & Synthesis Source Files Read
  6. Analysis & Synthesis Resource Usage Summary
  7. Analysis & Synthesis Resource Utilization by Entity
  8. General Register Statistics
  9. Parameter Settings for User Entity Instance: CSA:CSA1
 10. Parameter Settings for User Entity Instance: CSA:CSA2
 11. Parameter Settings for User Entity Instance: CSA:CSA3
 12. Parameter Settings for User Entity Instance: CSA:CSA4
 13. Parameter Settings for User Entity Instance: CSA:CSA5
 14. Parameter Settings for User Entity Instance: CSA:CSA6
 15. Parameter Settings for User Entity Instance: CPA:CPA1
 16. Port Connectivity Checks: "CPA:CPA1|fulladder:\CPA_g:0:cpa_j"
 17. Port Connectivity Checks: "CSA:CSA6"
 18. Port Connectivity Checks: "CSA:CSA4"
 19. Port Connectivity Checks: "CSA:CSA2"
 20. Port Connectivity Checks: "CSA:CSA1"
 21. Post-Synthesis Netlist Statistics for Top Partition
 22. Elapsed Time Per Partition
 23. Analysis & Synthesis Messages



----------------
; Legal Notice ;
----------------
Copyright (C) 1991-2015 Altera Corporation. All rights reserved.
Your use of Altera Corporation's design tools, logic functions 
and other software and tools, and its AMPP partner logic 
functions, and any output files from any of the foregoing 
(including device programming or simulation files), and any 
associated documentation or information are expressly subject 
to the terms and conditions of the Altera Program License 
Subscription Agreement, the Altera Quartus II License Agreement,
the Altera MegaCore Function License Agreement, or other 
applicable license agreement, including, without limitation, 
that your use is for the sole purpose of programming logic 
devices manufactured by Altera and sold by Altera or its 
authorized distributors.  Please refer to the applicable 
agreement for further details.



+------------------------------------------------------------------------------+
; Analysis & Synthesis Summary                                                 ;
+---------------------------------+--------------------------------------------+
; Analysis & Synthesis Status     ; Successful - Tue Apr 13 21:31:05 2021      ;
; Quartus II 64-Bit Version       ; 15.0.0 Build 145 04/22/2015 SJ Web Edition ;
; Revision Name                   ; vhdl-cap-8                                 ;
; Top-level Entity Name           ; main                                       ;
; Family                          ; Cyclone V                                  ;
; Logic utilization (in ALMs)     ; N/A                                        ;
; Total registers                 ; 0                                          ;
; Total pins                      ; 36                                         ;
; Total virtual pins              ; 0                                          ;
; Total block memory bits         ; 0                                          ;
; Total DSP Blocks                ; 0                                          ;
; Total HSSI RX PCSs              ; 0                                          ;
; Total HSSI PMA RX Deserializers ; 0                                          ;
; Total HSSI TX PCSs              ; 0                                          ;
; Total HSSI PMA TX Serializers   ; 0                                          ;
; Total PLLs                      ; 0                                          ;
; Total DLLs                      ; 0                                          ;
+---------------------------------+--------------------------------------------+


+---------------------------------------------------------------------------------------------------------------------------+
; Analysis & Synthesis Settings                                                                                             ;
+---------------------------------------------------------------------------------+--------------------+--------------------+
; Option                                                                          ; Setting            ; Default Value      ;
+---------------------------------------------------------------------------------+--------------------+--------------------+
; Device                                                                          ; 5CGXFC7C7F23C8     ;                    ;
; Top-level entity name                                                           ; main               ; vhdl-cap-8         ;
; Family name                                                                     ; Cyclone V          ; Cyclone V          ;
; Use smart compilation                                                           ; Off                ; Off                ;
; Enable parallel Assembler and TimeQuest Timing Analyzer during compilation      ; On                 ; On                 ;
; Enable compact report table                                                     ; Off                ; Off                ;
; Restructure Multiplexers                                                        ; Auto               ; Auto               ;
; MLAB Add Timing Constraints For Mixed-Port Feed-Through Mode Setting Don't Care ; Off                ; Off                ;
; Create Debugging Nodes for IP Cores                                             ; Off                ; Off                ;
; Preserve fewer node names                                                       ; On                 ; On                 ;
; Disable OpenCore Plus hardware evaluation                                       ; Off                ; Off                ;
; Verilog Version                                                                 ; Verilog_2001       ; Verilog_2001       ;
; VHDL Version                                                                    ; VHDL_1993          ; VHDL_1993          ;
; State Machine Processing                                                        ; Auto               ; Auto               ;
; Safe State Machine                                                              ; Off                ; Off                ;
; Extract Verilog State Machines                                                  ; On                 ; On                 ;
; Extract VHDL State Machines                                                     ; On                 ; On                 ;
; Ignore Verilog initial constructs                                               ; Off                ; Off                ;
; Iteration limit for constant Verilog loops                                      ; 5000               ; 5000               ;
; Iteration limit for non-constant Verilog loops                                  ; 250                ; 250                ;
; Add Pass-Through Logic to Inferred RAMs                                         ; On                 ; On                 ;
; Infer RAMs from Raw Logic                                                       ; On                 ; On                 ;
; Parallel Synthesis                                                              ; On                 ; On                 ;
; DSP Block Balancing                                                             ; Auto               ; Auto               ;
; NOT Gate Push-Back                                                              ; On                 ; On                 ;
; Power-Up Don't Care                                                             ; On                 ; On                 ;
; Remove Redundant Logic Cells                                                    ; Off                ; Off                ;
; Remove Duplicate Registers                                                      ; On                 ; On                 ;
; Ignore CARRY Buffers                                                            ; Off                ; Off                ;
; Ignore CASCADE Buffers                                                          ; Off                ; Off                ;
; Ignore GLOBAL Buffers                                                           ; Off                ; Off                ;
; Ignore ROW GLOBAL Buffers                                                       ; Off                ; Off                ;
; Ignore LCELL Buffers                                                            ; Off                ; Off                ;
; Ignore SOFT Buffers                                                             ; On                 ; On                 ;
; Limit AHDL Integers to 32 Bits                                                  ; Off                ; Off                ;
; Optimization Technique                                                          ; Balanced           ; Balanced           ;
; Carry Chain Length                                                              ; 70                 ; 70                 ;
; Auto Carry Chains                                                               ; On                 ; On                 ;
; Auto Open-Drain Pins                                                            ; On                 ; On                 ;
; Perform WYSIWYG Primitive Resynthesis                                           ; Off                ; Off                ;
; Auto ROM Replacement                                                            ; On                 ; On                 ;
; Auto RAM Replacement                                                            ; On                 ; On                 ;
; Auto DSP Block Replacement                                                      ; On                 ; On                 ;
; Auto Shift Register Replacement                                                 ; Auto               ; Auto               ;
; Allow Shift Register Merging across Hierarchies                                 ; Auto               ; Auto               ;
; Auto Clock Enable Replacement                                                   ; On                 ; On                 ;
; Strict RAM Replacement                                                          ; Off                ; Off                ;
; Allow Synchronous Control Signals                                               ; On                 ; On                 ;
; Force Use of Synchronous Clear Signals                                          ; Off                ; Off                ;
; Auto Resource Sharing                                                           ; Off                ; Off                ;
; Allow Any RAM Size For Recognition                                              ; Off                ; Off                ;
; Allow Any ROM Size For Recognition                                              ; Off                ; Off                ;
; Allow Any Shift Register Size For Recognition                                   ; Off                ; Off                ;
; Use LogicLock Constraints during Resource Balancing                             ; On                 ; On                 ;
; Ignore translate_off and synthesis_off directives                               ; Off                ; Off                ;
; Timing-Driven Synthesis                                                         ; On                 ; On                 ;
; Report Parameter Settings                                                       ; On                 ; On                 ;
; Report Source Assignments                                                       ; On                 ; On                 ;
; Report Connectivity Checks                                                      ; On                 ; On                 ;
; Ignore Maximum Fan-Out Assignments                                              ; Off                ; Off                ;
; Synchronization Register Chain Length                                           ; 3                  ; 3                  ;
; PowerPlay Power Optimization During Synthesis                                   ; Normal compilation ; Normal compilation ;
; HDL message level                                                               ; Level2             ; Level2             ;
; Suppress Register Optimization Related Messages                                 ; Off                ; Off                ;
; Number of Removed Registers Reported in Synthesis Report                        ; 5000               ; 5000               ;
; Number of Swept Nodes Reported in Synthesis Report                              ; 5000               ; 5000               ;
; Number of Inverted Registers Reported in Synthesis Report                       ; 100                ; 100                ;
; Clock MUX Protection                                                            ; On                 ; On                 ;
; Auto Gated Clock Conversion                                                     ; Off                ; Off                ;
; Block Design Naming                                                             ; Auto               ; Auto               ;
; SDC constraint protection                                                       ; Off                ; Off                ;
; Synthesis Effort                                                                ; Auto               ; Auto               ;
; Shift Register Replacement - Allow Asynchronous Clear Signal                    ; On                 ; On                 ;
; Pre-Mapping Resynthesis Optimization                                            ; Off                ; Off                ;
; Analysis & Synthesis Message Level                                              ; Medium             ; Medium             ;
; Disable Register Merging Across Hierarchies                                     ; Auto               ; Auto               ;
; Resource Aware Inference For Block RAM                                          ; On                 ; On                 ;
; Synthesis Seed                                                                  ; 1                  ; 1                  ;
; Automatic Parallel Synthesis                                                    ; On                 ; On                 ;
; Partial Reconfiguration Bitstream ID                                            ; Off                ; Off                ;
+---------------------------------------------------------------------------------+--------------------+--------------------+


+------------------------------------------+
; Parallel Compilation                     ;
+----------------------------+-------------+
; Processors                 ; Number      ;
+----------------------------+-------------+
; Number detected on machine ; 8           ;
; Maximum allowed            ; 8           ;
;                            ;             ;
; Average used               ; 1.00        ;
; Maximum used               ; 1           ;
;                            ;             ;
; Usage by Processor         ; % Time Used ;
;     Processor 1            ; 100.0%      ;
;     Processors 2-8         ;   0.0%      ;
+----------------------------+-------------+


+---------------------------------------------------------------------------------------------------------------------------------------------------------------------------------------------+
; Analysis & Synthesis Source Files Read                                                                                                                                                      ;
+----------------------------------+-----------------+-----------------+------------------------------------------------------------------------------------------------------------+---------+
; File Name with User-Entered Path ; Used in Netlist ; File Type       ; File Name with Absolute Path                                                                               ; Library ;
+----------------------------------+-----------------+-----------------+------------------------------------------------------------------------------------------------------------+---------+
; fulladder.vhd                    ; yes             ; User VHDL File  ; E:/UFSC/quarto-semestre/eel7123-topico-avancado-em-sistemas-digitais/laboratorios/vhdl-cap-8/fulladder.vhd ;         ;
; CSA.vhd                          ; yes             ; User VHDL File  ; E:/UFSC/quarto-semestre/eel7123-topico-avancado-em-sistemas-digitais/laboratorios/vhdl-cap-8/CSA.vhd       ;         ;
; CPA.vhd                          ; yes             ; User VHDL File  ; E:/UFSC/quarto-semestre/eel7123-topico-avancado-em-sistemas-digitais/laboratorios/vhdl-cap-8/CPA.vhd       ;         ;
; main.vhd                         ; yes             ; User VHDL File  ; E:/UFSC/quarto-semestre/eel7123-topico-avancado-em-sistemas-digitais/laboratorios/vhdl-cap-8/main.vhd      ;         ;
+----------------------------------+-----------------+-----------------+------------------------------------------------------------------------------------------------------------+---------+


+------------------------------------------------------------+
; Analysis & Synthesis Resource Usage Summary                ;
+---------------------------------------------+--------------+
; Resource                                    ; Usage        ;
+---------------------------------------------+--------------+
; Estimate of Logic utilization (ALMs needed) ; 38           ;
;                                             ;              ;
; Combinational ALUT usage for logic          ; 62           ;
;     -- 7 input functions                    ; 0            ;
;     -- 6 input functions                    ; 14           ;
;     -- 5 input functions                    ; 20           ;
;     -- 4 input functions                    ; 16           ;
;     -- <=3 input functions                  ; 12           ;
;                                             ;              ;
; Dedicated logic registers                   ; 0            ;
;                                             ;              ;
; I/O pins                                    ; 36           ;
;                                             ;              ;
; Total DSP Blocks                            ; 0            ;
;                                             ;              ;
; Maximum fan-out node                        ; SW[13]~input ;
; Maximum fan-out                             ; 16           ;
; Total fan-out                               ; 331          ;
; Average fan-out                             ; 2.47         ;
+---------------------------------------------+--------------+


+---------------------------------------------------------------------------------------------------------------------------------------------------------------------------------------+
; Analysis & Synthesis Resource Utilization by Entity                                                                                                                                   ;
+-----------------------------------+-------------------+--------------+-------------------+------------+------+--------------+------------------------------------------+--------------+
; Compilation Hierarchy Node        ; LC Combinationals ; LC Registers ; Block Memory Bits ; DSP Blocks ; Pins ; Virtual Pins ; Full Hierarchy Name                      ; Library Name ;
+-----------------------------------+-------------------+--------------+-------------------+------------+------+--------------+------------------------------------------+--------------+
; |main                             ; 62 (0)            ; 0 (0)        ; 0                 ; 0          ; 36   ; 0            ; |main                                    ; work         ;
;    |CPA:CPA1|                     ; 16 (0)            ; 0 (0)        ; 0                 ; 0          ; 0    ; 0            ; |main|CPA:CPA1                           ; work         ;
;       |fulladder:\CPA_g:10:cpa_j| ; 2 (2)             ; 0 (0)        ; 0                 ; 0          ; 0    ; 0            ; |main|CPA:CPA1|fulladder:\CPA_g:10:cpa_j ; work         ;
;       |fulladder:\CPA_g:2:cpa_j|  ; 1 (1)             ; 0 (0)        ; 0                 ; 0          ; 0    ; 0            ; |main|CPA:CPA1|fulladder:\CPA_g:2:cpa_j  ; work         ;
;       |fulladder:\CPA_g:3:cpa_j|  ; 2 (2)             ; 0 (0)        ; 0                 ; 0          ; 0    ; 0            ; |main|CPA:CPA1|fulladder:\CPA_g:3:cpa_j  ; work         ;
;       |fulladder:\CPA_g:4:cpa_j|  ; 1 (1)             ; 0 (0)        ; 0                 ; 0          ; 0    ; 0            ; |main|CPA:CPA1|fulladder:\CPA_g:4:cpa_j  ; work         ;
;       |fulladder:\CPA_g:5:cpa_j|  ; 1 (1)             ; 0 (0)        ; 0                 ; 0          ; 0    ; 0            ; |main|CPA:CPA1|fulladder:\CPA_g:5:cpa_j  ; work         ;
;       |fulladder:\CPA_g:6:cpa_j|  ; 5 (5)             ; 0 (0)        ; 0                 ; 0          ; 0    ; 0            ; |main|CPA:CPA1|fulladder:\CPA_g:6:cpa_j  ; work         ;
;       |fulladder:\CPA_g:7:cpa_j|  ; 1 (1)             ; 0 (0)        ; 0                 ; 0          ; 0    ; 0            ; |main|CPA:CPA1|fulladder:\CPA_g:7:cpa_j  ; work         ;
;       |fulladder:\CPA_g:8:cpa_j|  ; 2 (2)             ; 0 (0)        ; 0                 ; 0          ; 0    ; 0            ; |main|CPA:CPA1|fulladder:\CPA_g:8:cpa_j  ; work         ;
;       |fulladder:\CPA_g:9:cpa_j|  ; 1 (1)             ; 0 (0)        ; 0                 ; 0          ; 0    ; 0            ; |main|CPA:CPA1|fulladder:\CPA_g:9:cpa_j  ; work         ;
;    |CSA:CSA2|                     ; 3 (0)             ; 0 (0)        ; 0                 ; 0          ; 0    ; 0            ; |main|CSA:CSA2                           ; work         ;
;       |fulladder:\CSA_g:5:CSA_j|  ; 1 (1)             ; 0 (0)        ; 0                 ; 0          ; 0    ; 0            ; |main|CSA:CSA2|fulladder:\CSA_g:5:CSA_j  ; work         ;
;       |fulladder:\CSA_g:6:CSA_j|  ; 2 (2)             ; 0 (0)        ; 0                 ; 0          ; 0    ; 0            ; |main|CSA:CSA2|fulladder:\CSA_g:6:CSA_j  ; work         ;
;    |CSA:CSA3|                     ; 7 (0)             ; 0 (0)        ; 0                 ; 0          ; 0    ; 0            ; |main|CSA:CSA3                           ; work         ;
;       |fulladder:\CSA_g:1:CSA_j|  ; 1 (1)             ; 0 (0)        ; 0                 ; 0          ; 0    ; 0            ; |main|CSA:CSA3|fulladder:\CSA_g:1:CSA_j  ; work         ;
;       |fulladder:\CSA_g:2:CSA_j|  ; 2 (2)             ; 0 (0)        ; 0                 ; 0          ; 0    ; 0            ; |main|CSA:CSA3|fulladder:\CSA_g:2:CSA_j  ; work         ;
;       |fulladder:\CSA_g:3:CSA_j|  ; 2 (2)             ; 0 (0)        ; 0                 ; 0          ; 0    ; 0            ; |main|CSA:CSA3|fulladder:\CSA_g:3:CSA_j  ; work         ;
;       |fulladder:\CSA_g:4:CSA_j|  ; 2 (2)             ; 0 (0)        ; 0                 ; 0          ; 0    ; 0            ; |main|CSA:CSA3|fulladder:\CSA_g:4:CSA_j  ; work         ;
;    |CSA:CSA4|                     ; 13 (0)            ; 0 (0)        ; 0                 ; 0          ; 0    ; 0            ; |main|CSA:CSA4                           ; work         ;
;       |fulladder:\CSA_g:1:CSA_j|  ; 2 (2)             ; 0 (0)        ; 0                 ; 0          ; 0    ; 0            ; |main|CSA:CSA4|fulladder:\CSA_g:1:CSA_j  ; work         ;
;       |fulladder:\CSA_g:2:CSA_j|  ; 2 (2)             ; 0 (0)        ; 0                 ; 0          ; 0    ; 0            ; |main|CSA:CSA4|fulladder:\CSA_g:2:CSA_j  ; work         ;
;       |fulladder:\CSA_g:3:CSA_j|  ; 2 (2)             ; 0 (0)        ; 0                 ; 0          ; 0    ; 0            ; |main|CSA:CSA4|fulladder:\CSA_g:3:CSA_j  ; work         ;
;       |fulladder:\CSA_g:4:CSA_j|  ; 2 (2)             ; 0 (0)        ; 0                 ; 0          ; 0    ; 0            ; |main|CSA:CSA4|fulladder:\CSA_g:4:CSA_j  ; work         ;
;       |fulladder:\CSA_g:5:CSA_j|  ; 2 (2)             ; 0 (0)        ; 0                 ; 0          ; 0    ; 0            ; |main|CSA:CSA4|fulladder:\CSA_g:5:CSA_j  ; work         ;
;       |fulladder:\CSA_g:6:CSA_j|  ; 2 (2)             ; 0 (0)        ; 0                 ; 0          ; 0    ; 0            ; |main|CSA:CSA4|fulladder:\CSA_g:6:CSA_j  ; work         ;
;       |fulladder:\CSA_g:7:CSA_j|  ; 1 (1)             ; 0 (0)        ; 0                 ; 0          ; 0    ; 0            ; |main|CSA:CSA4|fulladder:\CSA_g:7:CSA_j  ; work         ;
;    |CSA:CSA5|                     ; 9 (0)             ; 0 (0)        ; 0                 ; 0          ; 0    ; 0            ; |main|CSA:CSA5                           ; work         ;
;       |fulladder:\CSA_g:0:CSA_j|  ; 1 (1)             ; 0 (0)        ; 0                 ; 0          ; 0    ; 0            ; |main|CSA:CSA5|fulladder:\CSA_g:0:CSA_j  ; work         ;
;       |fulladder:\CSA_g:1:CSA_j|  ; 1 (1)             ; 0 (0)        ; 0                 ; 0          ; 0    ; 0            ; |main|CSA:CSA5|fulladder:\CSA_g:1:CSA_j  ; work         ;
;       |fulladder:\CSA_g:2:CSA_j|  ; 2 (2)             ; 0 (0)        ; 0                 ; 0          ; 0    ; 0            ; |main|CSA:CSA5|fulladder:\CSA_g:2:CSA_j  ; work         ;
;       |fulladder:\CSA_g:3:CSA_j|  ; 1 (1)             ; 0 (0)        ; 0                 ; 0          ; 0    ; 0            ; |main|CSA:CSA5|fulladder:\CSA_g:3:CSA_j  ; work         ;
;       |fulladder:\CSA_g:4:CSA_j|  ; 1 (1)             ; 0 (0)        ; 0                 ; 0          ; 0    ; 0            ; |main|CSA:CSA5|fulladder:\CSA_g:4:CSA_j  ; work         ;
;       |fulladder:\CSA_g:5:CSA_j|  ; 2 (2)             ; 0 (0)        ; 0                 ; 0          ; 0    ; 0            ; |main|CSA:CSA5|fulladder:\CSA_g:5:CSA_j  ; work         ;
;       |fulladder:\CSA_g:6:CSA_j|  ; 1 (1)             ; 0 (0)        ; 0                 ; 0          ; 0    ; 0            ; |main|CSA:CSA5|fulladder:\CSA_g:6:CSA_j  ; work         ;
;    |CSA:CSA6|                     ; 14 (0)            ; 0 (0)        ; 0                 ; 0          ; 0    ; 0            ; |main|CSA:CSA6                           ; work         ;
;       |fulladder:\CSA_g:1:CSA_j|  ; 3 (3)             ; 0 (0)        ; 0                 ; 0          ; 0    ; 0            ; |main|CSA:CSA6|fulladder:\CSA_g:1:CSA_j  ; work         ;
;       |fulladder:\CSA_g:3:CSA_j|  ; 2 (2)             ; 0 (0)        ; 0                 ; 0          ; 0    ; 0            ; |main|CSA:CSA6|fulladder:\CSA_g:3:CSA_j  ; work         ;
;       |fulladder:\CSA_g:4:CSA_j|  ; 2 (2)             ; 0 (0)        ; 0                 ; 0          ; 0    ; 0            ; |main|CSA:CSA6|fulladder:\CSA_g:4:CSA_j  ; work         ;
;       |fulladder:\CSA_g:5:CSA_j|  ; 2 (2)             ; 0 (0)        ; 0                 ; 0          ; 0    ; 0            ; |main|CSA:CSA6|fulladder:\CSA_g:5:CSA_j  ; work         ;
;       |fulladder:\CSA_g:6:CSA_j|  ; 1 (1)             ; 0 (0)        ; 0                 ; 0          ; 0    ; 0            ; |main|CSA:CSA6|fulladder:\CSA_g:6:CSA_j  ; work         ;
;       |fulladder:\CSA_g:7:CSA_j|  ; 2 (2)             ; 0 (0)        ; 0                 ; 0          ; 0    ; 0            ; |main|CSA:CSA6|fulladder:\CSA_g:7:CSA_j  ; work         ;
;       |fulladder:\CSA_g:8:CSA_j|  ; 2 (2)             ; 0 (0)        ; 0                 ; 0          ; 0    ; 0            ; |main|CSA:CSA6|fulladder:\CSA_g:8:CSA_j  ; work         ;
+-----------------------------------+-------------------+--------------+-------------------+------------+------+--------------+------------------------------------------+--------------+
Note: For table entries with two numbers listed, the numbers in parentheses indicate the number of resources of the given type used by the specific entity alone. The numbers listed outside of parentheses indicate the total resources of the given type used by the specific entity and all of its sub-entities in the hierarchy.


+------------------------------------------------------+
; General Register Statistics                          ;
+----------------------------------------------+-------+
; Statistic                                    ; Value ;
+----------------------------------------------+-------+
; Total registers                              ; 0     ;
; Number of registers using Synchronous Clear  ; 0     ;
; Number of registers using Synchronous Load   ; 0     ;
; Number of registers using Asynchronous Clear ; 0     ;
; Number of registers using Asynchronous Load  ; 0     ;
; Number of registers using Clock Enable       ; 0     ;
; Number of registers using Preset             ; 0     ;
+----------------------------------------------+-------+


+-------------------------------------------------------+
; Parameter Settings for User Entity Instance: CSA:CSA1 ;
+----------------+-------+------------------------------+
; Parameter Name ; Value ; Type                         ;
+----------------+-------+------------------------------+
; n              ; 11    ; Signed Integer               ;
+----------------+-------+------------------------------+
Note: In order to hide this table in the UI and the text report file, please set the "Show Parameter Settings in Synthesis Report" option in "Analysis and Synthesis Settings -> More Settings" to "Off".


+-------------------------------------------------------+
; Parameter Settings for User Entity Instance: CSA:CSA2 ;
+----------------+-------+------------------------------+
; Parameter Name ; Value ; Type                         ;
+----------------+-------+------------------------------+
; n              ; 11    ; Signed Integer               ;
+----------------+-------+------------------------------+
Note: In order to hide this table in the UI and the text report file, please set the "Show Parameter Settings in Synthesis Report" option in "Analysis and Synthesis Settings -> More Settings" to "Off".


+-------------------------------------------------------+
; Parameter Settings for User Entity Instance: CSA:CSA3 ;
+----------------+-------+------------------------------+
; Parameter Name ; Value ; Type                         ;
+----------------+-------+------------------------------+
; n              ; 12    ; Signed Integer               ;
+----------------+-------+------------------------------+
Note: In order to hide this table in the UI and the text report file, please set the "Show Parameter Settings in Synthesis Report" option in "Analysis and Synthesis Settings -> More Settings" to "Off".


+-------------------------------------------------------+
; Parameter Settings for User Entity Instance: CSA:CSA4 ;
+----------------+-------+------------------------------+
; Parameter Name ; Value ; Type                         ;
+----------------+-------+------------------------------+
; n              ; 12    ; Signed Integer               ;
+----------------+-------+------------------------------+
Note: In order to hide this table in the UI and the text report file, please set the "Show Parameter Settings in Synthesis Report" option in "Analysis and Synthesis Settings -> More Settings" to "Off".


+-------------------------------------------------------+
; Parameter Settings for User Entity Instance: CSA:CSA5 ;
+----------------+-------+------------------------------+
; Parameter Name ; Value ; Type                         ;
+----------------+-------+------------------------------+
; n              ; 13    ; Signed Integer               ;
+----------------+-------+------------------------------+
Note: In order to hide this table in the UI and the text report file, please set the "Show Parameter Settings in Synthesis Report" option in "Analysis and Synthesis Settings -> More Settings" to "Off".


+-------------------------------------------------------+
; Parameter Settings for User Entity Instance: CSA:CSA6 ;
+----------------+-------+------------------------------+
; Parameter Name ; Value ; Type                         ;
+----------------+-------+------------------------------+
; n              ; 14    ; Signed Integer               ;
+----------------+-------+------------------------------+
Note: In order to hide this table in the UI and the text report file, please set the "Show Parameter Settings in Synthesis Report" option in "Analysis and Synthesis Settings -> More Settings" to "Off".


+-------------------------------------------------------+
; Parameter Settings for User Entity Instance: CPA:CPA1 ;
+----------------+-------+------------------------------+
; Parameter Name ; Value ; Type                         ;
+----------------+-------+------------------------------+
; n              ; 15    ; Signed Integer               ;
+----------------+-------+------------------------------+
Note: In order to hide this table in the UI and the text report file, please set the "Show Parameter Settings in Synthesis Report" option in "Analysis and Synthesis Settings -> More Settings" to "Off".


+---------------------------------------------------------------+
; Port Connectivity Checks: "CPA:CPA1|fulladder:\CPA_g:0:cpa_j" ;
+------+-------+----------+-------------------------------------+
; Port ; Type  ; Severity ; Details                             ;
+------+-------+----------+-------------------------------------+
; cin  ; Input ; Info     ; Stuck at GND                        ;
+------+-------+----------+-------------------------------------+


+------------------------------------------+
; Port Connectivity Checks: "CSA:CSA6"     ;
+--------+-------+----------+--------------+
; Port   ; Type  ; Severity ; Details      ;
+--------+-------+----------+--------------+
; i2[13] ; Input ; Info     ; Stuck at GND ;
+--------+-------+----------+--------------+


+---------------------------------------------+
; Port Connectivity Checks: "CSA:CSA4"        ;
+-----------+-------+----------+--------------+
; Port      ; Type  ; Severity ; Details      ;
+-----------+-------+----------+--------------+
; i1[11..7] ; Input ; Info     ; Stuck at GND ;
; i2[11]    ; Input ; Info     ; Stuck at GND ;
+-----------+-------+----------+--------------+


+---------------------------------------------+
; Port Connectivity Checks: "CSA:CSA2"        ;
+-----------+-------+----------+--------------+
; Port      ; Type  ; Severity ; Details      ;
+-----------+-------+----------+--------------+
; i0[10..7] ; Input ; Info     ; Stuck at GND ;
; i1[10..9] ; Input ; Info     ; Stuck at GND ;
; i1[0]     ; Input ; Info     ; Stuck at VCC ;
; i2[10..7] ; Input ; Info     ; Stuck at GND ;
+-----------+-------+----------+--------------+


+---------------------------------------------+
; Port Connectivity Checks: "CSA:CSA1"        ;
+-----------+-------+----------+--------------+
; Port      ; Type  ; Severity ; Details      ;
+-----------+-------+----------+--------------+
; i0[10..4] ; Input ; Info     ; Stuck at GND ;
; i0[1..0]  ; Input ; Info     ; Stuck at GND ;
; i0[3]     ; Input ; Info     ; Stuck at VCC ;
; i1[10..4] ; Input ; Info     ; Stuck at GND ;
; i1[0]     ; Input ; Info     ; Stuck at GND ;
; i2[10..4] ; Input ; Info     ; Stuck at GND ;
; i2[0]     ; Input ; Info     ; Stuck at GND ;
+-----------+-------+----------+--------------+


+-----------------------------------------------------+
; Post-Synthesis Netlist Statistics for Top Partition ;
+-----------------------+-----------------------------+
; Type                  ; Count                       ;
+-----------------------+-----------------------------+
; arriav_lcell_comb     ; 66                          ;
;     normal            ; 66                          ;
;         0 data inputs ; 2                           ;
;         1 data inputs ; 2                           ;
;         2 data inputs ; 1                           ;
;         3 data inputs ; 11                          ;
;         4 data inputs ; 16                          ;
;         5 data inputs ; 20                          ;
;         6 data inputs ; 14                          ;
; boundary_port         ; 36                          ;
;                       ;                             ;
; Max LUT depth         ; 6.00                        ;
; Average LUT depth     ; 5.23                        ;
+-----------------------+-----------------------------+


+-------------------------------+
; Elapsed Time Per Partition    ;
+----------------+--------------+
; Partition Name ; Elapsed Time ;
+----------------+--------------+
; Top            ; 00:00:02     ;
+----------------+--------------+


+-------------------------------+
; Analysis & Synthesis Messages ;
+-------------------------------+
Info: *******************************************************************
Info: Running Quartus II 64-Bit Analysis & Synthesis
    Info: Version 15.0.0 Build 145 04/22/2015 SJ Web Edition
    Info: Processing started: Tue Apr 13 21:30:42 2021
Info: Command: quartus_map --read_settings_files=on --write_settings_files=off vhdl-cap-8 -c vhdl-cap-8
Info (20030): Parallel compilation is enabled and will use 8 of the 8 processors detected
Info (12021): Found 2 design units, including 1 entities, in source file fulladder.vhd
    Info (12022): Found design unit 1: fulladder-structural
    Info (12023): Found entity 1: fulladder
Info (12021): Found 2 design units, including 1 entities, in source file csa.vhd
    Info (12022): Found design unit 1: CSA-behv
    Info (12023): Found entity 1: CSA
Info (12021): Found 2 design units, including 1 entities, in source file cpa.vhd
    Info (12022): Found design unit 1: CPA-behv
    Info (12023): Found entity 1: CPA
Info (12021): Found 2 design units, including 1 entities, in source file main.vhd
    Info (12022): Found design unit 1: main-behv
    Info (12023): Found entity 1: main
Info (12127): Elaborating entity "main" for the top level hierarchy
Info (12128): Elaborating entity "CSA" for hierarchy "CSA:CSA1"
Info (12128): Elaborating entity "fulladder" for hierarchy "CSA:CSA1|fulladder:\CSA_g:0:CSA_j"
Info (12128): Elaborating entity "CSA" for hierarchy "CSA:CSA3"
Info (12128): Elaborating entity "CSA" for hierarchy "CSA:CSA5"
Info (12128): Elaborating entity "CSA" for hierarchy "CSA:CSA6"
Info (12128): Elaborating entity "CPA" for hierarchy "CPA:CPA1"
Warning (13024): Output pins are stuck at VCC or GND
    Warning (13410): Pin "LEDR[0]" is stuck at VCC
    Warning (13410): Pin "LEDR[1]" is stuck at VCC
    Warning (13410): Pin "LEDR[14]" is stuck at GND
    Warning (13410): Pin "LEDR[15]" is stuck at GND
    Warning (13410): Pin "LEDR[16]" is stuck at GND
    Warning (13410): Pin "LEDR[17]" is stuck at GND
Info (286030): Timing-Driven Synthesis is running
Info (16010): Generating hard_block partition "hard_block:auto_generated_inst"
    Info (16011): Adding 0 node(s), including 0 DDIO, 0 PLL, 0 transceiver and 0 LCELL
Warning (21074): Design contains 2 input pin(s) that do not drive logic
    Warning (15610): No output dependent on input pin "SW[16]"
    Warning (15610): No output dependent on input pin "SW[17]"
Info (21057): Implemented 98 device resources after synthesis - the final resource count might be different
    Info (21058): Implemented 18 input pins
    Info (21059): Implemented 18 output pins
    Info (21061): Implemented 62 logic cells
Info: Quartus II 64-Bit Analysis & Synthesis was successful. 0 errors, 10 warnings
    Info: Peak virtual memory: 4909 megabytes
    Info: Processing ended: Tue Apr 13 21:31:05 2021
    Info: Elapsed time: 00:00:23
    Info: Total CPU time (on all processors): 00:00:48


