Analysis & Synthesis report for lab-2-rns
Wed Mar 03 15:53:31 2021
Quartus II 64-Bit Version 15.0.0 Build 145 04/22/2015 SJ Web Edition


---------------------
; Table of Contents ;
---------------------
  1. Legal Notice
  2. Analysis & Synthesis Summary
  3. Analysis & Synthesis Settings
  4. Parallel Compilation
  5. Analysis & Synthesis Source Files Read
  6. Analysis & Synthesis Resource Usage Summary
  7. Analysis & Synthesis Resource Utilization by Entity
  8. General Register Statistics
  9. Parameter Settings for User Entity Instance: Top-level Entity: |traditionalSystem_RNStoBin
 10. Parameter Settings for User Entity Instance: CSA_EAC:comp0_2n_m1
 11. Parameter Settings for User Entity Instance: CSA_EAC:comp1_2n_m1
 12. Parameter Settings for User Entity Instance: CPA_mod255:add_2n_m1
 13. Parameter Settings for User Entity Instance: CPA_mod255:add_2n_m1|Mux2_1:Mux21
 14. Port Connectivity Checks: "CPA_mod255:add_2n_m1|fulladder:\CPA_2:8:cpa2"
 15. Port Connectivity Checks: "CPA_mod255:add_2n_m1|fulladder:\CPA_2:0:cpa2"
 16. Port Connectivity Checks: "CPA_mod255:add_2n_m1|fulladder:\CSA_2:8:cpa2"
 17. Port Connectivity Checks: "CPA_mod255:add_2n_m1|fulladder:\CSA_2:7:cpa2"
 18. Port Connectivity Checks: "CPA_mod255:add_2n_m1|fulladder:\CSA_2:6:cpa2"
 19. Port Connectivity Checks: "CPA_mod255:add_2n_m1|fulladder:\CSA_2:5:cpa2"
 20. Port Connectivity Checks: "CPA_mod255:add_2n_m1|fulladder:\CSA_2:4:cpa2"
 21. Port Connectivity Checks: "CPA_mod255:add_2n_m1|fulladder:\CSA_2:3:cpa2"
 22. Port Connectivity Checks: "CPA_mod255:add_2n_m1|fulladder:\CSA_2:2:cpa2"
 23. Port Connectivity Checks: "CPA_mod255:add_2n_m1|fulladder:\CSA_2:1:cpa2"
 24. Port Connectivity Checks: "CPA_mod255:add_2n_m1|fulladder:\CSA_2:0:cpa2"
 25. Port Connectivity Checks: "CPA_mod255:add_2n_m1|fulladder:\CSA_1:8:cpa1_1"
 26. Port Connectivity Checks: "CPA_mod255:add_2n_m1|fulladder:\CSA_1:0:cpa1_1"
 27. Port Connectivity Checks: "CSA_EAC:comp1_2n_m1"
 28. Port Connectivity Checks: "CSA_EAC:comp0_2n_m1"
 29. Post-Synthesis Netlist Statistics for Top Partition
 30. Elapsed Time Per Partition
 31. Analysis & Synthesis Messages



----------------
; Legal Notice ;
----------------
Copyright (C) 1991-2015 Altera Corporation. All rights reserved.
Your use of Altera Corporation's design tools, logic functions 
and other software and tools, and its AMPP partner logic 
functions, and any output files from any of the foregoing 
(including device programming or simulation files), and any 
associated documentation or information are expressly subject 
to the terms and conditions of the Altera Program License 
Subscription Agreement, the Altera Quartus II License Agreement,
the Altera MegaCore Function License Agreement, or other 
applicable license agreement, including, without limitation, 
that your use is for the sole purpose of programming logic 
devices manufactured by Altera and sold by Altera or its 
authorized distributors.  Please refer to the applicable 
agreement for further details.



+------------------------------------------------------------------------------+
; Analysis & Synthesis Summary                                                 ;
+---------------------------------+--------------------------------------------+
; Analysis & Synthesis Status     ; Successful - Wed Mar 03 15:53:31 2021      ;
; Quartus II 64-Bit Version       ; 15.0.0 Build 145 04/22/2015 SJ Web Edition ;
; Revision Name                   ; lab-2-rns                                  ;
; Top-level Entity Name           ; traditionalSystem_RNStoBin                 ;
; Family                          ; Cyclone V                                  ;
; Logic utilization (in ALMs)     ; N/A                                        ;
; Total registers                 ; 0                                          ;
; Total pins                      ; 92                                         ;
; Total virtual pins              ; 0                                          ;
; Total block memory bits         ; 0                                          ;
; Total DSP Blocks                ; 0                                          ;
; Total HSSI RX PCSs              ; 0                                          ;
; Total HSSI PMA RX Deserializers ; 0                                          ;
; Total HSSI TX PCSs              ; 0                                          ;
; Total HSSI PMA TX Serializers   ; 0                                          ;
; Total PLLs                      ; 0                                          ;
; Total DLLs                      ; 0                                          ;
+---------------------------------+--------------------------------------------+


+-----------------------------------------------------------------------------------------------------------------------------------+
; Analysis & Synthesis Settings                                                                                                     ;
+---------------------------------------------------------------------------------+----------------------------+--------------------+
; Option                                                                          ; Setting                    ; Default Value      ;
+---------------------------------------------------------------------------------+----------------------------+--------------------+
; Device                                                                          ; 5CGXFC7C7F23C8             ;                    ;
; Top-level entity name                                                           ; traditionalSystem_RNStoBin ; lab-2-rns          ;
; Family name                                                                     ; Cyclone V                  ; Cyclone V          ;
; Use smart compilation                                                           ; Off                        ; Off                ;
; Enable parallel Assembler and TimeQuest Timing Analyzer during compilation      ; On                         ; On                 ;
; Enable compact report table                                                     ; Off                        ; Off                ;
; Restructure Multiplexers                                                        ; Auto                       ; Auto               ;
; MLAB Add Timing Constraints For Mixed-Port Feed-Through Mode Setting Don't Care ; Off                        ; Off                ;
; Create Debugging Nodes for IP Cores                                             ; Off                        ; Off                ;
; Preserve fewer node names                                                       ; On                         ; On                 ;
; Disable OpenCore Plus hardware evaluation                                       ; Off                        ; Off                ;
; Verilog Version                                                                 ; Verilog_2001               ; Verilog_2001       ;
; VHDL Version                                                                    ; VHDL_1993                  ; VHDL_1993          ;
; State Machine Processing                                                        ; Auto                       ; Auto               ;
; Safe State Machine                                                              ; Off                        ; Off                ;
; Extract Verilog State Machines                                                  ; On                         ; On                 ;
; Extract VHDL State Machines                                                     ; On                         ; On                 ;
; Ignore Verilog initial constructs                                               ; Off                        ; Off                ;
; Iteration limit for constant Verilog loops                                      ; 5000                       ; 5000               ;
; Iteration limit for non-constant Verilog loops                                  ; 250                        ; 250                ;
; Add Pass-Through Logic to Inferred RAMs                                         ; On                         ; On                 ;
; Infer RAMs from Raw Logic                                                       ; On                         ; On                 ;
; Parallel Synthesis                                                              ; On                         ; On                 ;
; DSP Block Balancing                                                             ; Auto                       ; Auto               ;
; NOT Gate Push-Back                                                              ; On                         ; On                 ;
; Power-Up Don't Care                                                             ; On                         ; On                 ;
; Remove Redundant Logic Cells                                                    ; Off                        ; Off                ;
; Remove Duplicate Registers                                                      ; On                         ; On                 ;
; Ignore CARRY Buffers                                                            ; Off                        ; Off                ;
; Ignore CASCADE Buffers                                                          ; Off                        ; Off                ;
; Ignore GLOBAL Buffers                                                           ; Off                        ; Off                ;
; Ignore ROW GLOBAL Buffers                                                       ; Off                        ; Off                ;
; Ignore LCELL Buffers                                                            ; Off                        ; Off                ;
; Ignore SOFT Buffers                                                             ; On                         ; On                 ;
; Limit AHDL Integers to 32 Bits                                                  ; Off                        ; Off                ;
; Optimization Technique                                                          ; Balanced                   ; Balanced           ;
; Carry Chain Length                                                              ; 70                         ; 70                 ;
; Auto Carry Chains                                                               ; On                         ; On                 ;
; Auto Open-Drain Pins                                                            ; On                         ; On                 ;
; Perform WYSIWYG Primitive Resynthesis                                           ; Off                        ; Off                ;
; Auto ROM Replacement                                                            ; On                         ; On                 ;
; Auto RAM Replacement                                                            ; On                         ; On                 ;
; Auto DSP Block Replacement                                                      ; On                         ; On                 ;
; Auto Shift Register Replacement                                                 ; Auto                       ; Auto               ;
; Allow Shift Register Merging across Hierarchies                                 ; Auto                       ; Auto               ;
; Auto Clock Enable Replacement                                                   ; On                         ; On                 ;
; Strict RAM Replacement                                                          ; Off                        ; Off                ;
; Allow Synchronous Control Signals                                               ; On                         ; On                 ;
; Force Use of Synchronous Clear Signals                                          ; Off                        ; Off                ;
; Auto Resource Sharing                                                           ; Off                        ; Off                ;
; Allow Any RAM Size For Recognition                                              ; Off                        ; Off                ;
; Allow Any ROM Size For Recognition                                              ; Off                        ; Off                ;
; Allow Any Shift Register Size For Recognition                                   ; Off                        ; Off                ;
; Use LogicLock Constraints during Resource Balancing                             ; On                         ; On                 ;
; Ignore translate_off and synthesis_off directives                               ; Off                        ; Off                ;
; Timing-Driven Synthesis                                                         ; On                         ; On                 ;
; Report Parameter Settings                                                       ; On                         ; On                 ;
; Report Source Assignments                                                       ; On                         ; On                 ;
; Report Connectivity Checks                                                      ; On                         ; On                 ;
; Ignore Maximum Fan-Out Assignments                                              ; Off                        ; Off                ;
; Synchronization Register Chain Length                                           ; 3                          ; 3                  ;
; PowerPlay Power Optimization During Synthesis                                   ; Normal compilation         ; Normal compilation ;
; HDL message level                                                               ; Level2                     ; Level2             ;
; Suppress Register Optimization Related Messages                                 ; Off                        ; Off                ;
; Number of Removed Registers Reported in Synthesis Report                        ; 5000                       ; 5000               ;
; Number of Swept Nodes Reported in Synthesis Report                              ; 5000                       ; 5000               ;
; Number of Inverted Registers Reported in Synthesis Report                       ; 100                        ; 100                ;
; Clock MUX Protection                                                            ; On                         ; On                 ;
; Auto Gated Clock Conversion                                                     ; Off                        ; Off                ;
; Block Design Naming                                                             ; Auto                       ; Auto               ;
; SDC constraint protection                                                       ; Off                        ; Off                ;
; Synthesis Effort                                                                ; Auto                       ; Auto               ;
; Shift Register Replacement - Allow Asynchronous Clear Signal                    ; On                         ; On                 ;
; Pre-Mapping Resynthesis Optimization                                            ; Off                        ; Off                ;
; Analysis & Synthesis Message Level                                              ; Medium                     ; Medium             ;
; Disable Register Merging Across Hierarchies                                     ; Auto                       ; Auto               ;
; Resource Aware Inference For Block RAM                                          ; On                         ; On                 ;
; Synthesis Seed                                                                  ; 1                          ; 1                  ;
; Automatic Parallel Synthesis                                                    ; On                         ; On                 ;
; Partial Reconfiguration Bitstream ID                                            ; Off                        ; Off                ;
+---------------------------------------------------------------------------------+----------------------------+--------------------+


+------------------------------------------+
; Parallel Compilation                     ;
+----------------------------+-------------+
; Processors                 ; Number      ;
+----------------------------+-------------+
; Number detected on machine ; 8           ;
; Maximum allowed            ; 8           ;
;                            ;             ;
; Average used               ; 1.00        ;
; Maximum used               ; 1           ;
;                            ;             ;
; Usage by Processor         ; % Time Used ;
;     Processor 1            ; 100.0%      ;
;     Processors 2-8         ;   0.0%      ;
+----------------------------+-------------+


+-------------------------------------------------------------------------------------------------------------------------------------------------------------------------------------------------------------+
; Analysis & Synthesis Source Files Read                                                                                                                                                                      ;
+----------------------------------+-----------------+-----------------+----------------------------------------------------------------------------------------------------------------------------+---------+
; File Name with User-Entered Path ; Used in Netlist ; File Type       ; File Name with Absolute Path                                                                                               ; Library ;
+----------------------------------+-----------------+-----------------+----------------------------------------------------------------------------------------------------------------------------+---------+
; traditionalSystem_RNStoBin.vhd   ; yes             ; User VHDL File  ; D:/UFSC/quarto-semestre/eel7123-topico-avancado-em-sistemas-digitais/laboratorios/lab-2-RNS/traditionalSystem_RNStoBin.vhd ;         ;
; Mux2_1.vhd                       ; yes             ; User VHDL File  ; D:/UFSC/quarto-semestre/eel7123-topico-avancado-em-sistemas-digitais/laboratorios/lab-2-RNS/Mux2_1.vhd                     ;         ;
; fulladder.vhd                    ; yes             ; User VHDL File  ; D:/UFSC/quarto-semestre/eel7123-topico-avancado-em-sistemas-digitais/laboratorios/lab-2-RNS/fulladder.vhd                  ;         ;
; CSA_EAC.vhd                      ; yes             ; User VHDL File  ; D:/UFSC/quarto-semestre/eel7123-topico-avancado-em-sistemas-digitais/laboratorios/lab-2-RNS/CSA_EAC.vhd                    ;         ;
; CPA_mod255.vhd                   ; yes             ; User VHDL File  ; D:/UFSC/quarto-semestre/eel7123-topico-avancado-em-sistemas-digitais/laboratorios/lab-2-RNS/CPA_mod255.vhd                 ;         ;
+----------------------------------+-----------------+-----------------+----------------------------------------------------------------------------------------------------------------------------+---------+


+------------------------------------------------------------+
; Analysis & Synthesis Resource Usage Summary                ;
+---------------------------------------------+--------------+
; Resource                                    ; Usage        ;
+---------------------------------------------+--------------+
; Estimate of Logic utilization (ALMs needed) ; 38           ;
;                                             ;              ;
; Combinational ALUT usage for logic          ; 50           ;
;     -- 7 input functions                    ; 0            ;
;     -- 6 input functions                    ; 26           ;
;     -- 5 input functions                    ; 10           ;
;     -- 4 input functions                    ; 6            ;
;     -- <=3 input functions                  ; 8            ;
;                                             ;              ;
; Dedicated logic registers                   ; 0            ;
;                                             ;              ;
; I/O pins                                    ; 92           ;
;                                             ;              ;
; Total DSP Blocks                            ; 0            ;
;                                             ;              ;
; Maximum fan-out node                        ; SW[12]~input ;
; Maximum fan-out                             ; 9            ;
; Total fan-out                               ; 359          ;
; Average fan-out                             ; 1.53         ;
+---------------------------------------------+--------------+


+-------------------------------------------------------------------------------------------------------------------------------------------------------------------------------------------------------------------------+
; Analysis & Synthesis Resource Utilization by Entity                                                                                                                                                                     ;
+-----------------------------------+-------------------+--------------+-------------------+------------+------+--------------+----------------------------------------------------------------------------+--------------+
; Compilation Hierarchy Node        ; LC Combinationals ; LC Registers ; Block Memory Bits ; DSP Blocks ; Pins ; Virtual Pins ; Full Hierarchy Name                                                        ; Library Name ;
+-----------------------------------+-------------------+--------------+-------------------+------------+------+--------------+----------------------------------------------------------------------------+--------------+
; |traditionalSystem_RNStoBin       ; 50 (0)            ; 0 (0)        ; 0                 ; 0          ; 92   ; 0            ; |traditionalSystem_RNStoBin                                                ; work         ;
;    |CPA_mod255:add_2n_m1|         ; 32 (0)            ; 0 (0)        ; 0                 ; 0          ; 0    ; 0            ; |traditionalSystem_RNStoBin|CPA_mod255:add_2n_m1                           ; work         ;
;       |Mux2_1:Mux21|              ; 8 (8)             ; 0 (0)        ; 0                 ; 0          ; 0    ; 0            ; |traditionalSystem_RNStoBin|CPA_mod255:add_2n_m1|Mux2_1:Mux21              ; work         ;
;       |fulladder:\CPA_2:1:cpa2|   ; 1 (1)             ; 0 (0)        ; 0                 ; 0          ; 0    ; 0            ; |traditionalSystem_RNStoBin|CPA_mod255:add_2n_m1|fulladder:\CPA_2:1:cpa2   ; work         ;
;       |fulladder:\CPA_2:2:cpa2|   ; 2 (2)             ; 0 (0)        ; 0                 ; 0          ; 0    ; 0            ; |traditionalSystem_RNStoBin|CPA_mod255:add_2n_m1|fulladder:\CPA_2:2:cpa2   ; work         ;
;       |fulladder:\CPA_2:3:cpa2|   ; 1 (1)             ; 0 (0)        ; 0                 ; 0          ; 0    ; 0            ; |traditionalSystem_RNStoBin|CPA_mod255:add_2n_m1|fulladder:\CPA_2:3:cpa2   ; work         ;
;       |fulladder:\CPA_2:4:cpa2|   ; 2 (2)             ; 0 (0)        ; 0                 ; 0          ; 0    ; 0            ; |traditionalSystem_RNStoBin|CPA_mod255:add_2n_m1|fulladder:\CPA_2:4:cpa2   ; work         ;
;       |fulladder:\CPA_2:5:cpa2|   ; 2 (2)             ; 0 (0)        ; 0                 ; 0          ; 0    ; 0            ; |traditionalSystem_RNStoBin|CPA_mod255:add_2n_m1|fulladder:\CPA_2:5:cpa2   ; work         ;
;       |fulladder:\CPA_2:6:cpa2|   ; 2 (2)             ; 0 (0)        ; 0                 ; 0          ; 0    ; 0            ; |traditionalSystem_RNStoBin|CPA_mod255:add_2n_m1|fulladder:\CPA_2:6:cpa2   ; work         ;
;       |fulladder:\CSA_1:1:cpa1_1| ; 1 (1)             ; 0 (0)        ; 0                 ; 0          ; 0    ; 0            ; |traditionalSystem_RNStoBin|CPA_mod255:add_2n_m1|fulladder:\CSA_1:1:cpa1_1 ; work         ;
;       |fulladder:\CSA_1:2:cpa1_1| ; 2 (2)             ; 0 (0)        ; 0                 ; 0          ; 0    ; 0            ; |traditionalSystem_RNStoBin|CPA_mod255:add_2n_m1|fulladder:\CSA_1:2:cpa1_1 ; work         ;
;       |fulladder:\CSA_1:3:cpa1_1| ; 1 (1)             ; 0 (0)        ; 0                 ; 0          ; 0    ; 0            ; |traditionalSystem_RNStoBin|CPA_mod255:add_2n_m1|fulladder:\CSA_1:3:cpa1_1 ; work         ;
;       |fulladder:\CSA_1:4:cpa1_1| ; 2 (2)             ; 0 (0)        ; 0                 ; 0          ; 0    ; 0            ; |traditionalSystem_RNStoBin|CPA_mod255:add_2n_m1|fulladder:\CSA_1:4:cpa1_1 ; work         ;
;       |fulladder:\CSA_1:5:cpa1_1| ; 1 (1)             ; 0 (0)        ; 0                 ; 0          ; 0    ; 0            ; |traditionalSystem_RNStoBin|CPA_mod255:add_2n_m1|fulladder:\CSA_1:5:cpa1_1 ; work         ;
;       |fulladder:\CSA_1:6:cpa1_1| ; 2 (2)             ; 0 (0)        ; 0                 ; 0          ; 0    ; 0            ; |traditionalSystem_RNStoBin|CPA_mod255:add_2n_m1|fulladder:\CSA_1:6:cpa1_1 ; work         ;
;       |fulladder:\CSA_2:2:cpa2|   ; 1 (1)             ; 0 (0)        ; 0                 ; 0          ; 0    ; 0            ; |traditionalSystem_RNStoBin|CPA_mod255:add_2n_m1|fulladder:\CSA_2:2:cpa2   ; work         ;
;       |fulladder:\CSA_2:4:cpa2|   ; 2 (2)             ; 0 (0)        ; 0                 ; 0          ; 0    ; 0            ; |traditionalSystem_RNStoBin|CPA_mod255:add_2n_m1|fulladder:\CSA_2:4:cpa2   ; work         ;
;       |fulladder:\CSA_2:5:cpa2|   ; 1 (1)             ; 0 (0)        ; 0                 ; 0          ; 0    ; 0            ; |traditionalSystem_RNStoBin|CPA_mod255:add_2n_m1|fulladder:\CSA_2:5:cpa2   ; work         ;
;       |fulladder:\CSA_2:6:cpa2|   ; 1 (1)             ; 0 (0)        ; 0                 ; 0          ; 0    ; 0            ; |traditionalSystem_RNStoBin|CPA_mod255:add_2n_m1|fulladder:\CSA_2:6:cpa2   ; work         ;
;    |CSA_EAC:comp0_2n_m1|          ; 2 (0)             ; 0 (0)        ; 0                 ; 0          ; 0    ; 0            ; |traditionalSystem_RNStoBin|CSA_EAC:comp0_2n_m1                            ; work         ;
;       |fulladder:\ciclo:2:add|    ; 1 (1)             ; 0 (0)        ; 0                 ; 0          ; 0    ; 0            ; |traditionalSystem_RNStoBin|CSA_EAC:comp0_2n_m1|fulladder:\ciclo:2:add     ; work         ;
;       |fulladder:\ciclo:3:add|    ; 1 (1)             ; 0 (0)        ; 0                 ; 0          ; 0    ; 0            ; |traditionalSystem_RNStoBin|CSA_EAC:comp0_2n_m1|fulladder:\ciclo:3:add     ; work         ;
;    |CSA_EAC:comp1_2n_m1|          ; 16 (0)            ; 0 (0)        ; 0                 ; 0          ; 0    ; 0            ; |traditionalSystem_RNStoBin|CSA_EAC:comp1_2n_m1                            ; work         ;
;       |fulladder:\ciclo:0:add|    ; 2 (2)             ; 0 (0)        ; 0                 ; 0          ; 0    ; 0            ; |traditionalSystem_RNStoBin|CSA_EAC:comp1_2n_m1|fulladder:\ciclo:0:add     ; work         ;
;       |fulladder:\ciclo:1:add|    ; 2 (2)             ; 0 (0)        ; 0                 ; 0          ; 0    ; 0            ; |traditionalSystem_RNStoBin|CSA_EAC:comp1_2n_m1|fulladder:\ciclo:1:add     ; work         ;
;       |fulladder:\ciclo:2:add|    ; 2 (2)             ; 0 (0)        ; 0                 ; 0          ; 0    ; 0            ; |traditionalSystem_RNStoBin|CSA_EAC:comp1_2n_m1|fulladder:\ciclo:2:add     ; work         ;
;       |fulladder:\ciclo:3:add|    ; 2 (2)             ; 0 (0)        ; 0                 ; 0          ; 0    ; 0            ; |traditionalSystem_RNStoBin|CSA_EAC:comp1_2n_m1|fulladder:\ciclo:3:add     ; work         ;
;       |fulladder:\ciclo:4:add|    ; 2 (2)             ; 0 (0)        ; 0                 ; 0          ; 0    ; 0            ; |traditionalSystem_RNStoBin|CSA_EAC:comp1_2n_m1|fulladder:\ciclo:4:add     ; work         ;
;       |fulladder:\ciclo:5:add|    ; 2 (2)             ; 0 (0)        ; 0                 ; 0          ; 0    ; 0            ; |traditionalSystem_RNStoBin|CSA_EAC:comp1_2n_m1|fulladder:\ciclo:5:add     ; work         ;
;       |fulladder:\ciclo:6:add|    ; 2 (2)             ; 0 (0)        ; 0                 ; 0          ; 0    ; 0            ; |traditionalSystem_RNStoBin|CSA_EAC:comp1_2n_m1|fulladder:\ciclo:6:add     ; work         ;
;       |fulladder:\ciclo:7:add|    ; 2 (2)             ; 0 (0)        ; 0                 ; 0          ; 0    ; 0            ; |traditionalSystem_RNStoBin|CSA_EAC:comp1_2n_m1|fulladder:\ciclo:7:add     ; work         ;
+-----------------------------------+-------------------+--------------+-------------------+------------+------+--------------+----------------------------------------------------------------------------+--------------+
Note: For table entries with two numbers listed, the numbers in parentheses indicate the number of resources of the given type used by the specific entity alone. The numbers listed outside of parentheses indicate the total resources of the given type used by the specific entity and all of its sub-entities in the hierarchy.


+------------------------------------------------------+
; General Register Statistics                          ;
+----------------------------------------------+-------+
; Statistic                                    ; Value ;
+----------------------------------------------+-------+
; Total registers                              ; 0     ;
; Number of registers using Synchronous Clear  ; 0     ;
; Number of registers using Synchronous Load   ; 0     ;
; Number of registers using Asynchronous Clear ; 0     ;
; Number of registers using Asynchronous Load  ; 0     ;
; Number of registers using Clock Enable       ; 0     ;
; Number of registers using Preset             ; 0     ;
+----------------------------------------------+-------+


+--------------------------------------------------------------------------------------------+
; Parameter Settings for User Entity Instance: Top-level Entity: |traditionalSystem_RNStoBin ;
+----------------+-------+-------------------------------------------------------------------+
; Parameter Name ; Value ; Type                                                              ;
+----------------+-------+-------------------------------------------------------------------+
; n              ; 4     ; Signed Integer                                                    ;
+----------------+-------+-------------------------------------------------------------------+
Note: In order to hide this table in the UI and the text report file, please set the "Show Parameter Settings in Synthesis Report" option in "Analysis and Synthesis Settings -> More Settings" to "Off".


+------------------------------------------------------------------+
; Parameter Settings for User Entity Instance: CSA_EAC:comp0_2n_m1 ;
+----------------+-------+-----------------------------------------+
; Parameter Name ; Value ; Type                                    ;
+----------------+-------+-----------------------------------------+
; n              ; 8     ; Signed Integer                          ;
+----------------+-------+-----------------------------------------+
Note: In order to hide this table in the UI and the text report file, please set the "Show Parameter Settings in Synthesis Report" option in "Analysis and Synthesis Settings -> More Settings" to "Off".


+------------------------------------------------------------------+
; Parameter Settings for User Entity Instance: CSA_EAC:comp1_2n_m1 ;
+----------------+-------+-----------------------------------------+
; Parameter Name ; Value ; Type                                    ;
+----------------+-------+-----------------------------------------+
; n              ; 8     ; Signed Integer                          ;
+----------------+-------+-----------------------------------------+
Note: In order to hide this table in the UI and the text report file, please set the "Show Parameter Settings in Synthesis Report" option in "Analysis and Synthesis Settings -> More Settings" to "Off".


+-------------------------------------------------------------------+
; Parameter Settings for User Entity Instance: CPA_mod255:add_2n_m1 ;
+----------------+-------+------------------------------------------+
; Parameter Name ; Value ; Type                                     ;
+----------------+-------+------------------------------------------+
; n              ; 8     ; Signed Integer                           ;
+----------------+-------+------------------------------------------+
Note: In order to hide this table in the UI and the text report file, please set the "Show Parameter Settings in Synthesis Report" option in "Analysis and Synthesis Settings -> More Settings" to "Off".


+--------------------------------------------------------------------------------+
; Parameter Settings for User Entity Instance: CPA_mod255:add_2n_m1|Mux2_1:Mux21 ;
+----------------+-------+-------------------------------------------------------+
; Parameter Name ; Value ; Type                                                  ;
+----------------+-------+-------------------------------------------------------+
; n              ; 8     ; Signed Integer                                        ;
+----------------+-------+-------------------------------------------------------+
Note: In order to hide this table in the UI and the text report file, please set the "Show Parameter Settings in Synthesis Report" option in "Analysis and Synthesis Settings -> More Settings" to "Off".


+----------------------------------------------------------------------------------------------------------------+
; Port Connectivity Checks: "CPA_mod255:add_2n_m1|fulladder:\CPA_2:8:cpa2"                                       ;
+------+--------+----------+-------------------------------------------------------------------------------------+
; Port ; Type   ; Severity ; Details                                                                             ;
+------+--------+----------+-------------------------------------------------------------------------------------+
; cout ; Output ; Info     ; Connected to dangling logic. Logic that only feeds a dangling port will be removed. ;
+------+--------+----------+-------------------------------------------------------------------------------------+


+--------------------------------------------------------------------------+
; Port Connectivity Checks: "CPA_mod255:add_2n_m1|fulladder:\CPA_2:0:cpa2" ;
+------+-------+----------+------------------------------------------------+
; Port ; Type  ; Severity ; Details                                        ;
+------+-------+----------+------------------------------------------------+
; b    ; Input ; Info     ; Stuck at GND                                   ;
; cin  ; Input ; Info     ; Stuck at GND                                   ;
+------+-------+----------+------------------------------------------------+


+----------------------------------------------------------------------------------------------------------------+
; Port Connectivity Checks: "CPA_mod255:add_2n_m1|fulladder:\CSA_2:8:cpa2"                                       ;
+------+--------+----------+-------------------------------------------------------------------------------------+
; Port ; Type   ; Severity ; Details                                                                             ;
+------+--------+----------+-------------------------------------------------------------------------------------+
; a    ; Input  ; Info     ; Stuck at GND                                                                        ;
; b    ; Input  ; Info     ; Stuck at GND                                                                        ;
; cin  ; Input  ; Info     ; Stuck at VCC                                                                        ;
; cout ; Output ; Info     ; Connected to dangling logic. Logic that only feeds a dangling port will be removed. ;
+------+--------+----------+-------------------------------------------------------------------------------------+


+--------------------------------------------------------------------------+
; Port Connectivity Checks: "CPA_mod255:add_2n_m1|fulladder:\CSA_2:7:cpa2" ;
+------+-------+----------+------------------------------------------------+
; Port ; Type  ; Severity ; Details                                        ;
+------+-------+----------+------------------------------------------------+
; cin  ; Input ; Info     ; Stuck at GND                                   ;
+------+-------+----------+------------------------------------------------+


+--------------------------------------------------------------------------+
; Port Connectivity Checks: "CPA_mod255:add_2n_m1|fulladder:\CSA_2:6:cpa2" ;
+------+-------+----------+------------------------------------------------+
; Port ; Type  ; Severity ; Details                                        ;
+------+-------+----------+------------------------------------------------+
; cin  ; Input ; Info     ; Stuck at GND                                   ;
+------+-------+----------+------------------------------------------------+


+--------------------------------------------------------------------------+
; Port Connectivity Checks: "CPA_mod255:add_2n_m1|fulladder:\CSA_2:5:cpa2" ;
+------+-------+----------+------------------------------------------------+
; Port ; Type  ; Severity ; Details                                        ;
+------+-------+----------+------------------------------------------------+
; cin  ; Input ; Info     ; Stuck at GND                                   ;
+------+-------+----------+------------------------------------------------+


+--------------------------------------------------------------------------+
; Port Connectivity Checks: "CPA_mod255:add_2n_m1|fulladder:\CSA_2:4:cpa2" ;
+------+-------+----------+------------------------------------------------+
; Port ; Type  ; Severity ; Details                                        ;
+------+-------+----------+------------------------------------------------+
; cin  ; Input ; Info     ; Stuck at GND                                   ;
+------+-------+----------+------------------------------------------------+


+--------------------------------------------------------------------------+
; Port Connectivity Checks: "CPA_mod255:add_2n_m1|fulladder:\CSA_2:3:cpa2" ;
+------+-------+----------+------------------------------------------------+
; Port ; Type  ; Severity ; Details                                        ;
+------+-------+----------+------------------------------------------------+
; cin  ; Input ; Info     ; Stuck at GND                                   ;
+------+-------+----------+------------------------------------------------+


+--------------------------------------------------------------------------+
; Port Connectivity Checks: "CPA_mod255:add_2n_m1|fulladder:\CSA_2:2:cpa2" ;
+------+-------+----------+------------------------------------------------+
; Port ; Type  ; Severity ; Details                                        ;
+------+-------+----------+------------------------------------------------+
; cin  ; Input ; Info     ; Stuck at GND                                   ;
+------+-------+----------+------------------------------------------------+


+--------------------------------------------------------------------------+
; Port Connectivity Checks: "CPA_mod255:add_2n_m1|fulladder:\CSA_2:1:cpa2" ;
+------+-------+----------+------------------------------------------------+
; Port ; Type  ; Severity ; Details                                        ;
+------+-------+----------+------------------------------------------------+
; cin  ; Input ; Info     ; Stuck at GND                                   ;
+------+-------+----------+------------------------------------------------+


+--------------------------------------------------------------------------+
; Port Connectivity Checks: "CPA_mod255:add_2n_m1|fulladder:\CSA_2:0:cpa2" ;
+------+-------+----------+------------------------------------------------+
; Port ; Type  ; Severity ; Details                                        ;
+------+-------+----------+------------------------------------------------+
; cin  ; Input ; Info     ; Stuck at VCC                                   ;
+------+-------+----------+------------------------------------------------+


+----------------------------------------------------------------------------------------------------------------+
; Port Connectivity Checks: "CPA_mod255:add_2n_m1|fulladder:\CSA_1:8:cpa1_1"                                     ;
+------+--------+----------+-------------------------------------------------------------------------------------+
; Port ; Type   ; Severity ; Details                                                                             ;
+------+--------+----------+-------------------------------------------------------------------------------------+
; a    ; Input  ; Info     ; Stuck at GND                                                                        ;
; b    ; Input  ; Info     ; Stuck at GND                                                                        ;
; s    ; Output ; Info     ; Connected to dangling logic. Logic that only feeds a dangling port will be removed. ;
; cout ; Output ; Info     ; Connected to dangling logic. Logic that only feeds a dangling port will be removed. ;
+------+--------+----------+-------------------------------------------------------------------------------------+


+----------------------------------------------------------------------------+
; Port Connectivity Checks: "CPA_mod255:add_2n_m1|fulladder:\CSA_1:0:cpa1_1" ;
+------+-------+----------+--------------------------------------------------+
; Port ; Type  ; Severity ; Details                                          ;
+------+-------+----------+--------------------------------------------------+
; cin  ; Input ; Info     ; Stuck at GND                                     ;
+------+-------+----------+--------------------------------------------------+


+-------------------------------------------------+
; Port Connectivity Checks: "CSA_EAC:comp1_2n_m1" ;
+----------+-------+----------+-------------------+
; Port     ; Type  ; Severity ; Details           ;
+----------+-------+----------+-------------------+
; i2[2..0] ; Input ; Info     ; Stuck at VCC      ;
+----------+-------+----------+-------------------+


+-------------------------------------------------+
; Port Connectivity Checks: "CSA_EAC:comp0_2n_m1" ;
+----------+-------+----------+-------------------+
; Port     ; Type  ; Severity ; Details           ;
+----------+-------+----------+-------------------+
; i2[6..4] ; Input ; Info     ; Stuck at GND      ;
+----------+-------+----------+-------------------+


+-----------------------------------------------------+
; Post-Synthesis Netlist Statistics for Top Partition ;
+-----------------------+-----------------------------+
; Type                  ; Count                       ;
+-----------------------+-----------------------------+
; arriav_lcell_comb     ; 51                          ;
;     normal            ; 51                          ;
;         0 data inputs ; 1                           ;
;         2 data inputs ; 3                           ;
;         3 data inputs ; 5                           ;
;         4 data inputs ; 6                           ;
;         5 data inputs ; 10                          ;
;         6 data inputs ; 26                          ;
; boundary_port         ; 92                          ;
;                       ;                             ;
; Max LUT depth         ; 5.00                        ;
; Average LUT depth     ; 4.44                        ;
+-----------------------+-----------------------------+


+-------------------------------+
; Elapsed Time Per Partition    ;
+----------------+--------------+
; Partition Name ; Elapsed Time ;
+----------------+--------------+
; Top            ; 00:00:02     ;
+----------------+--------------+


+-------------------------------+
; Analysis & Synthesis Messages ;
+-------------------------------+
Info: *******************************************************************
Info: Running Quartus II 64-Bit Analysis & Synthesis
    Info: Version 15.0.0 Build 145 04/22/2015 SJ Web Edition
    Info: Processing started: Wed Mar 03 15:53:12 2021
Info: Command: quartus_map --read_settings_files=on --write_settings_files=off lab-2-rns -c lab-2-rns
Info (20030): Parallel compilation is enabled and will use 8 of the 8 processors detected
Info (12021): Found 2 design units, including 1 entities, in source file traditionalsystem_rnstobin.vhd
    Info (12022): Found design unit 1: traditionalSystem_RNStoBin-Structural
    Info (12023): Found entity 1: traditionalSystem_RNStoBin
Info (12021): Found 2 design units, including 1 entities, in source file mux2_1.vhd
    Info (12022): Found design unit 1: Mux2_1-Mux
    Info (12023): Found entity 1: Mux2_1
Info (12021): Found 2 design units, including 1 entities, in source file fulladder.vhd
    Info (12022): Found design unit 1: fulladder-structural
    Info (12023): Found entity 1: fulladder
Info (12021): Found 2 design units, including 1 entities, in source file csa_eac.vhd
    Info (12022): Found design unit 1: CSA_EAC-Structural
    Info (12023): Found entity 1: CSA_EAC
Info (12021): Found 2 design units, including 1 entities, in source file cpa_mod255.vhd
    Info (12022): Found design unit 1: CPA_mod255-structural
    Info (12023): Found entity 1: CPA_mod255
Info (12127): Elaborating entity "traditionalSystem_RNStoBin" for the top level hierarchy
Warning (10541): VHDL Signal Declaration warning at traditionalSystem_RNStoBin.vhd(16): used implicit default value for signal "HEX0" because signal was never assigned a value or an explicit default value. Use of implicit default value may introduce unintended design optimizations.
Warning (10541): VHDL Signal Declaration warning at traditionalSystem_RNStoBin.vhd(16): used implicit default value for signal "HEX1" because signal was never assigned a value or an explicit default value. Use of implicit default value may introduce unintended design optimizations.
Warning (10541): VHDL Signal Declaration warning at traditionalSystem_RNStoBin.vhd(16): used implicit default value for signal "HEX2" because signal was never assigned a value or an explicit default value. Use of implicit default value may introduce unintended design optimizations.
Warning (10541): VHDL Signal Declaration warning at traditionalSystem_RNStoBin.vhd(16): used implicit default value for signal "HEX3" because signal was never assigned a value or an explicit default value. Use of implicit default value may introduce unintended design optimizations.
Warning (10541): VHDL Signal Declaration warning at traditionalSystem_RNStoBin.vhd(16): used implicit default value for signal "HEX4" because signal was never assigned a value or an explicit default value. Use of implicit default value may introduce unintended design optimizations.
Warning (10541): VHDL Signal Declaration warning at traditionalSystem_RNStoBin.vhd(16): used implicit default value for signal "HEX5" because signal was never assigned a value or an explicit default value. Use of implicit default value may introduce unintended design optimizations.
Warning (10541): VHDL Signal Declaration warning at traditionalSystem_RNStoBin.vhd(16): used implicit default value for signal "HEX6" because signal was never assigned a value or an explicit default value. Use of implicit default value may introduce unintended design optimizations.
Warning (10541): VHDL Signal Declaration warning at traditionalSystem_RNStoBin.vhd(16): used implicit default value for signal "HEX7" because signal was never assigned a value or an explicit default value. Use of implicit default value may introduce unintended design optimizations.
Warning (10036): Verilog HDL or VHDL warning at traditionalSystem_RNStoBin.vhd(41): object "ones" assigned a value but never read
Warning (10873): Using initial value X (don't care) for net "LEDR[17..16]" at traditionalSystem_RNStoBin.vhd(15)
Info (12128): Elaborating entity "CSA_EAC" for hierarchy "CSA_EAC:comp0_2n_m1"
Info (12128): Elaborating entity "fulladder" for hierarchy "CSA_EAC:comp0_2n_m1|fulladder:\ciclo:0:add"
Info (12128): Elaborating entity "CPA_mod255" for hierarchy "CPA_mod255:add_2n_m1"
Info (12128): Elaborating entity "Mux2_1" for hierarchy "CPA_mod255:add_2n_m1|Mux2_1:Mux21"
Warning (13024): Output pins are stuck at VCC or GND
    Warning (13410): Pin "LEDR[16]" is stuck at GND
    Warning (13410): Pin "LEDR[17]" is stuck at GND
    Warning (13410): Pin "HEX0[0]" is stuck at GND
    Warning (13410): Pin "HEX0[1]" is stuck at GND
    Warning (13410): Pin "HEX0[2]" is stuck at GND
    Warning (13410): Pin "HEX0[3]" is stuck at GND
    Warning (13410): Pin "HEX0[4]" is stuck at GND
    Warning (13410): Pin "HEX0[5]" is stuck at GND
    Warning (13410): Pin "HEX0[6]" is stuck at GND
    Warning (13410): Pin "HEX1[0]" is stuck at GND
    Warning (13410): Pin "HEX1[1]" is stuck at GND
    Warning (13410): Pin "HEX1[2]" is stuck at GND
    Warning (13410): Pin "HEX1[3]" is stuck at GND
    Warning (13410): Pin "HEX1[4]" is stuck at GND
    Warning (13410): Pin "HEX1[5]" is stuck at GND
    Warning (13410): Pin "HEX1[6]" is stuck at GND
    Warning (13410): Pin "HEX2[0]" is stuck at GND
    Warning (13410): Pin "HEX2[1]" is stuck at GND
    Warning (13410): Pin "HEX2[2]" is stuck at GND
    Warning (13410): Pin "HEX2[3]" is stuck at GND
    Warning (13410): Pin "HEX2[4]" is stuck at GND
    Warning (13410): Pin "HEX2[5]" is stuck at GND
    Warning (13410): Pin "HEX2[6]" is stuck at GND
    Warning (13410): Pin "HEX3[0]" is stuck at GND
    Warning (13410): Pin "HEX3[1]" is stuck at GND
    Warning (13410): Pin "HEX3[2]" is stuck at GND
    Warning (13410): Pin "HEX3[3]" is stuck at GND
    Warning (13410): Pin "HEX3[4]" is stuck at GND
    Warning (13410): Pin "HEX3[5]" is stuck at GND
    Warning (13410): Pin "HEX3[6]" is stuck at GND
    Warning (13410): Pin "HEX4[0]" is stuck at GND
    Warning (13410): Pin "HEX4[1]" is stuck at GND
    Warning (13410): Pin "HEX4[2]" is stuck at GND
    Warning (13410): Pin "HEX4[3]" is stuck at GND
    Warning (13410): Pin "HEX4[4]" is stuck at GND
    Warning (13410): Pin "HEX4[5]" is stuck at GND
    Warning (13410): Pin "HEX4[6]" is stuck at GND
    Warning (13410): Pin "HEX5[0]" is stuck at GND
    Warning (13410): Pin "HEX5[1]" is stuck at GND
    Warning (13410): Pin "HEX5[2]" is stuck at GND
    Warning (13410): Pin "HEX5[3]" is stuck at GND
    Warning (13410): Pin "HEX5[4]" is stuck at GND
    Warning (13410): Pin "HEX5[5]" is stuck at GND
    Warning (13410): Pin "HEX5[6]" is stuck at GND
    Warning (13410): Pin "HEX6[0]" is stuck at GND
    Warning (13410): Pin "HEX6[1]" is stuck at GND
    Warning (13410): Pin "HEX6[2]" is stuck at GND
    Warning (13410): Pin "HEX6[3]" is stuck at GND
    Warning (13410): Pin "HEX6[4]" is stuck at GND
    Warning (13410): Pin "HEX6[5]" is stuck at GND
    Warning (13410): Pin "HEX6[6]" is stuck at GND
    Warning (13410): Pin "HEX7[0]" is stuck at GND
    Warning (13410): Pin "HEX7[1]" is stuck at GND
    Warning (13410): Pin "HEX7[2]" is stuck at GND
    Warning (13410): Pin "HEX7[3]" is stuck at GND
    Warning (13410): Pin "HEX7[4]" is stuck at GND
    Warning (13410): Pin "HEX7[5]" is stuck at GND
    Warning (13410): Pin "HEX7[6]" is stuck at GND
Info (286030): Timing-Driven Synthesis is running
Info (16010): Generating hard_block partition "hard_block:auto_generated_inst"
    Info (16011): Adding 0 node(s), including 0 DDIO, 0 PLL, 0 transceiver and 0 LCELL
Warning (21074): Design contains 1 input pin(s) that do not drive logic
    Warning (15610): No output dependent on input pin "SW[17]"
Info (21057): Implemented 142 device resources after synthesis - the final resource count might be different
    Info (21058): Implemented 18 input pins
    Info (21059): Implemented 74 output pins
    Info (21061): Implemented 50 logic cells
Info: Quartus II 64-Bit Analysis & Synthesis was successful. 0 errors, 71 warnings
    Info: Peak virtual memory: 4915 megabytes
    Info: Processing ended: Wed Mar 03 15:53:31 2021
    Info: Elapsed time: 00:00:19
    Info: Total CPU time (on all processors): 00:00:45


